<?xml version="1.0" encoding="UTF-8"?>
<!-- Generated by org.testng.reporters.JUnitReportReporter -->
<testsuite hostname="DESKTOP-OI6D7LJ" failures="0" tests="1" name="git_Practical.demo" time="52.267" errors="0" timestamp="2023-01-11T09:43:35 IST" skipped="0">
  <testcase classname="git_Practical.demo" name="test01" time="52.267"/>
  <system-out/>
</testsuite> <!-- git_Practical.demo -->
